2022-09-21 18:51:16,500 [INFO] Activator:177 - 


2022-09-21 18:51:16,503 [INFO] Activator:178 - !SESSION log4j initialized
2022-09-21 18:51:25,677 [ERROR] LogOutputStream:74 - [STDERR_REDIRECT] сент. 21, 2022 6:51:25 PM org.glassfish.grizzly.http.server.NetworkListener start
2022-09-21 18:51:25,695 [ERROR] LogOutputStream:74 - [STDERR_REDIRECT] INFO: Started listener bound to [localhost:1597]
2022-09-21 18:51:25,695 [ERROR] LogOutputStream:74 - [STDERR_REDIRECT] 
2022-09-21 18:51:25,699 [ERROR] LogOutputStream:74 - [STDERR_REDIRECT] сент. 21, 2022 6:51:25 PM org.glassfish.grizzly.http.server.HttpServer start
2022-09-21 18:51:25,700 [ERROR] LogOutputStream:74 - [STDERR_REDIRECT] INFO: [HttpServer] Started.
2022-09-21 18:51:25,702 [ERROR] LogOutputStream:74 - [STDERR_REDIRECT] 
2022-09-21 18:57:15,637 [ERROR] LogOutputStream:74 - [STDERR_REDIRECT] 
2022-09-21 19:07:55,762 [INFO] Activator:177 - 


2022-09-21 19:07:55,780 [INFO] Activator:178 - !SESSION log4j initialized
2022-09-21 19:08:17,684 [ERROR] LogOutputStream:74 - [STDERR_REDIRECT] сент. 21, 2022 7:08:17 PM org.glassfish.grizzly.http.server.NetworkListener start
2022-09-21 19:08:17,687 [ERROR] LogOutputStream:74 - [STDERR_REDIRECT] INFO: Started listener bound to [localhost:1595]
2022-09-21 19:08:17,687 [ERROR] LogOutputStream:74 - [STDERR_REDIRECT] 
2022-09-21 19:08:17,689 [ERROR] LogOutputStream:74 - [STDERR_REDIRECT] сент. 21, 2022 7:08:17 PM org.glassfish.grizzly.http.server.HttpServer start
2022-09-21 19:08:17,689 [ERROR] LogOutputStream:74 - [STDERR_REDIRECT] INFO: [HttpServer] Started.
2022-09-21 19:08:17,690 [ERROR] LogOutputStream:74 - [STDERR_REDIRECT] 
2022-09-21 19:58:03,116 [INFO] McuFinderGlobals:44 - Set McuFinder mode to 2 (CubeIDE integrated)
2022-09-21 19:58:04,263 [INFO] ApplicationProperties:181 - Using Application install path: /opt/st/stm32cubeide_1.10.1/plugins/com.st.stm32cube.common.mx_6.6.1.202207061420
2022-09-21 19:58:04,362 [INFO] DbMcusXml:77 - Set database path to: /opt/st/stm32cubeide_1.10.1/plugins/com.st.stm32cube.common.mx_6.6.1.202207061420//db//mcu/
2022-09-21 19:58:04,364 [INFO] ApiDb:269 - Set plugin database path to: /opt/st/stm32cubeide_1.10.1/plugins/com.st.stm32cube.common.mx_6.6.1.202207061420//db//plugins/boardmanager/
2022-09-21 19:58:04,370 [WARN] ApiDb:254 - Overriding images path with different value:  => /opt/st/stm32cubeide_1.10.1/plugins/com.st.stm32cube.common.mx_6.6.1.202207061420//db//plugins/mcufinder/images/
2022-09-21 19:58:04,587 [INFO] ApiDb:249 - Set database path to: /home/ivan/.stmcufinder/plugins/mcufinder//mcu/
2022-09-21 19:58:04,599 [INFO] DbMcusAds:124 - Set database path to: /home/ivan/.stmcufinder/plugins/mcufinder//mcu/
2022-09-21 19:58:04,694 [INFO] CrossReferenceDbSqlite:201 - Set database path to: /home/ivan/.stmcufinder/plugins/mcufinder//mcu/cs/
2022-09-21 19:58:05,077 [INFO] RulesReader:61 - Compatibility file has been processed (282 Rules)
2022-09-21 19:58:05,485 [INFO] DbMcusXml:77 - Set database path to: /opt/st/stm32cubeide_1.10.1/plugins/com.st.stm32cube.common.mx_6.6.1.202207061420//db//mcu/
2022-09-21 19:58:05,485 [INFO] ApiDb:269 - Set plugin database path to: /opt/st/stm32cubeide_1.10.1/plugins/com.st.stm32cube.common.mx_6.6.1.202207061420//db//plugins/boardmanager/
2022-09-21 19:58:05,486 [INFO] ApiDb:256 - Set plugin images path to: /opt/st/stm32cubeide_1.10.1/plugins/com.st.stm32cube.common.mx_6.6.1.202207061420//db//plugins/mcufinder/images/
2022-09-21 19:58:05,487 [WARN] DbFile:40 - Overriding database path with different value: /home/ivan/.stmcufinder/plugins/mcufinder/ => /home/ivan/.stmcufinder/plugins/mcufinder
2022-09-21 19:58:05,488 [INFO] ApiDb:249 - Set database path to: /home/ivan/.stmcufinder/plugins/mcufinder//mcu/
2022-09-21 19:58:05,488 [WARN] DbFile:40 - Overriding database path with different value: /home/ivan/.stmcufinder/plugins/mcufinder/ => /home/ivan/.stmcufinder/plugins/mcufinder
2022-09-21 19:58:05,489 [INFO] DbMcusAds:124 - Set database path to: /home/ivan/.stmcufinder/plugins/mcufinder//mcu/
2022-09-21 19:58:05,492 [WARN] DbFile:40 - Overriding database path with different value: /home/ivan/.stmcufinder/plugins/mcufinder/ => /home/ivan/.stmcufinder/plugins/mcufinder
2022-09-21 19:58:05,493 [WARN] DbFile:40 - Overriding database path with different value: /home/ivan/.stmcufinder/plugins/mcufinder/ => /home/ivan/.stmcufinder/plugins/mcufinder
2022-09-21 19:58:05,493 [INFO] CrossReferenceDbSqlite:201 - Set database path to: /home/ivan/.stmcufinder/plugins/mcufinder//mcu/cs/
2022-09-21 19:58:05,950 [INFO] MainPanel:242 - HeapMemory: 268435456
2022-09-21 19:58:06,762 [INFO] DbMcusXml:77 - Set database path to: /opt/st/stm32cubeide_1.10.1/plugins/com.st.stm32cube.common.mx_6.6.1.202207061420//db//mcu/
2022-09-21 19:58:06,763 [INFO] ApiDb:269 - Set plugin database path to: /opt/st/stm32cubeide_1.10.1/plugins/com.st.stm32cube.common.mx_6.6.1.202207061420//db//plugins/boardmanager/
2022-09-21 19:58:06,764 [INFO] ApiDb:256 - Set plugin images path to: /opt/st/stm32cubeide_1.10.1/plugins/com.st.stm32cube.common.mx_6.6.1.202207061420//db//plugins/mcufinder/images/
2022-09-21 19:58:06,765 [WARN] DbFile:40 - Overriding database path with different value: /home/ivan/.stmcufinder/plugins/mcufinder/ => /home/ivan/.stmcufinder/plugins/mcufinder
2022-09-21 19:58:06,766 [INFO] ApiDb:249 - Set database path to: /home/ivan/.stmcufinder/plugins/mcufinder//mcu/
2022-09-21 19:58:06,766 [WARN] DbFile:40 - Overriding database path with different value: /home/ivan/.stmcufinder/plugins/mcufinder/ => /home/ivan/.stmcufinder/plugins/mcufinder
2022-09-21 19:58:06,767 [INFO] DbMcusAds:124 - Set database path to: /home/ivan/.stmcufinder/plugins/mcufinder//mcu/
2022-09-21 19:58:06,767 [WARN] DbFile:40 - Overriding database path with different value: /home/ivan/.stmcufinder/plugins/mcufinder/ => /home/ivan/.stmcufinder/plugins/mcufinder
2022-09-21 19:58:06,767 [WARN] DbFile:40 - Overriding database path with different value: /home/ivan/.stmcufinder/plugins/mcufinder/ => /home/ivan/.stmcufinder/plugins/mcufinder
2022-09-21 19:58:06,768 [INFO] CrossReferenceDbSqlite:201 - Set database path to: /home/ivan/.stmcufinder/plugins/mcufinder//mcu/cs/
2022-09-21 19:58:06,865 [INFO] ApplicationProperties:181 - Using Application install path: /opt/st/stm32cubeide_1.10.1/plugins/com.st.stm32cube.common.mx_6.6.1.202207061420
2022-09-21 19:58:06,881 [INFO] PluginManage:193 - Search for loadable plugins [exclusion list=, ]
2022-09-21 19:58:06,902 [INFO] PluginManage:307 - Check plugin analytics
2022-09-21 19:58:07,465 [INFO] AnalyticsPlugin:262 - Accepted Software Licenses: 
2022-09-21 19:58:07,467 [INFO] AnalyticsPlugin:264 - Accepted CMSIS Pack Licenses: 
2022-09-21 19:58:07,468 [INFO] AnalyticsPlugin:266 - Accepted Firmware Licenses: FW.F4.1.27.0
2022-09-21 19:58:07,500 [INFO] PluginManage:356 - Loaded plugin analytics (category:tool,tabindex:-1)
2022-09-21 19:58:07,501 [INFO] PluginManage:307 - Check plugin cadmodel
2022-09-21 19:58:07,546 [INFO] CADModel:65 - Init CAD model plugin
2022-09-21 19:58:07,547 [INFO] PluginManage:356 - Loaded plugin cadmodel (category:power,tabindex:5)
2022-09-21 19:58:07,548 [INFO] PluginManage:307 - Check plugin clock
2022-09-21 19:58:07,576 [INFO] PluginManage:356 - Loaded plugin clock (category:base,tabindex:2)
2022-09-21 19:58:07,577 [INFO] PluginManage:307 - Check plugin ddr
2022-09-21 19:58:07,599 [INFO] PluginManage:356 - Loaded plugin ddr (category:tool,tabindex:6)
2022-09-21 19:58:07,599 [INFO] PluginManage:307 - Check plugin filemanager
2022-09-21 19:58:08,146 [INFO] PluginManage:356 - Loaded plugin filemanager (category:base,tabindex:10)
2022-09-21 19:58:08,147 [INFO] PluginManage:307 - Check plugin ipmanager
2022-09-21 19:58:08,174 [INFO] PluginManage:356 - Loaded plugin ipmanager (category:base,tabindex:5)
2022-09-21 19:58:08,174 [INFO] PluginManage:307 - Check plugin lpbam
2022-09-21 19:58:08,225 [INFO] PluginManage:356 - Loaded plugin lpbam (category:base,tabindex:0)
2022-09-21 19:58:08,226 [INFO] PluginManage:307 - Check plugin pinoutandconfiguration
2022-09-21 19:58:08,267 [INFO] PluginManage:356 - Loaded plugin pinoutandconfiguration (category:base,tabindex:1)
2022-09-21 19:58:08,268 [INFO] PluginManage:307 - Check plugin pinoutconfig
2022-09-21 19:58:08,415 [INFO] PluginManage:356 - Loaded plugin pinoutconfig (category:base,tabindex:0)
2022-09-21 19:58:08,416 [INFO] PluginManage:307 - Check plugin power
2022-09-21 19:58:08,488 [INFO] PluginManage:356 - Loaded plugin power (category:power,tabindex:4)
2022-09-21 19:58:08,489 [INFO] PluginManage:307 - Check plugin projectmanager
2022-09-21 19:58:08,546 [INFO] PluginManage:356 - Loaded plugin projectmanager (category:projectmanager,tabindex:3)
2022-09-21 19:58:08,546 [INFO] PluginManage:307 - Check plugin thirdparty
2022-09-21 19:58:09,104 [WARN] IntegrityCheckThread:82 - waiting for thirdparty lock release [integrity check]
2022-09-21 19:58:09,106 [INFO] PluginManage:356 - Loaded plugin thirdparty (category:base,tabindex:-1)
2022-09-21 19:58:09,108 [INFO] IntegrityCheckThread:84 - entering critical section [integrity check]
2022-09-21 19:58:09,108 [INFO] PluginManage:307 - Check plugin tools
2022-09-21 19:58:09,115 [INFO] ThirdPartyUpdaterWithRetryManager:70 - Updater plugin not ready yet. [1/15]
2022-09-21 19:58:09,150 [INFO] PluginManage:356 - Loaded plugin tools (category:base,tabindex:7)
2022-09-21 19:58:09,150 [INFO] PluginManage:307 - Check plugin tutovideos
2022-09-21 19:58:09,908 [INFO] PluginManage:356 - Loaded plugin tutovideos (category:base,tabindex:-1)
2022-09-21 19:58:09,909 [INFO] PluginManage:307 - Check plugin updater
2022-09-21 19:58:09,965 [INFO] PluginManage:356 - Loaded plugin updater (category:base,tabindex:12)
2022-09-21 19:58:09,968 [INFO] PluginManage:280 - PluginManage : Loaded plugins [15]
2022-09-21 19:58:10,873 [INFO] PinOutPanel:1468 - setPackage(No Configuration,No Configuration)
2022-09-21 19:58:11,089 [INFO] CADModel:98 - CPN selected for project level
2022-09-21 19:58:11,168 [INFO] IPUIPlugin:79 - create IPUIPlugin
2022-09-21 19:58:11,170 [INFO] PluginManager:217 - loadIPPluginJar : add genericplugin
2022-09-21 19:58:11,212 [INFO] IPUIPlugin:79 - create IPUIPlugin
2022-09-21 19:58:11,213 [INFO] PluginManager:217 - loadIPPluginJar : add touchsensing
2022-09-21 19:58:11,217 [INFO] IPUIPlugin:79 - create IPUIPlugin
2022-09-21 19:58:11,218 [INFO] PluginManager:217 - loadIPPluginJar : add quadspi
2022-09-21 19:58:11,223 [INFO] IPUIPlugin:79 - create IPUIPlugin
2022-09-21 19:58:11,224 [INFO] PluginManager:217 - loadIPPluginJar : add cryp
2022-09-21 19:58:11,229 [INFO] IPUIPlugin:79 - create IPUIPlugin
2022-09-21 19:58:11,230 [INFO] PluginManager:217 - loadIPPluginJar : add usart
2022-09-21 19:58:11,257 [INFO] IPUIPlugin:79 - create IPUIPlugin
2022-09-21 19:58:11,258 [INFO] PluginManager:217 - loadIPPluginJar : add nvic
2022-09-21 19:58:11,271 [INFO] IPUIPlugin:79 - create IPUIPlugin
2022-09-21 19:58:11,272 [INFO] PluginManager:217 - loadIPPluginJar : add stm32_wpan
2022-09-21 19:58:11,277 [INFO] IPUIPlugin:79 - create IPUIPlugin
2022-09-21 19:58:11,278 [INFO] PluginManager:217 - loadIPPluginJar : add pdm2pcm
2022-09-21 19:58:11,301 [INFO] IPUIPlugin:79 - create IPUIPlugin
2022-09-21 19:58:11,302 [INFO] PluginManager:217 - loadIPPluginJar : add ipddr
2022-09-21 19:58:11,305 [INFO] IPUIPlugin:79 - create IPUIPlugin
2022-09-21 19:58:11,306 [INFO] PluginManager:217 - loadIPPluginJar : add comp
2022-09-21 19:58:11,338 [INFO] IPUIPlugin:79 - create IPUIPlugin
2022-09-21 19:58:11,339 [INFO] PluginManager:217 - loadIPPluginJar : add dma
2022-09-21 19:58:11,342 [INFO] IPUIPlugin:79 - create IPUIPlugin
2022-09-21 19:58:11,343 [INFO] PluginManager:217 - loadIPPluginJar : add fatfs
2022-09-21 19:58:11,347 [INFO] IPUIPlugin:79 - create IPUIPlugin
2022-09-21 19:58:11,348 [INFO] PluginManager:217 - loadIPPluginJar : add ucpd
2022-09-21 19:58:11,352 [INFO] IPUIPlugin:79 - create IPUIPlugin
2022-09-21 19:58:11,353 [INFO] PluginManager:217 - loadIPPluginJar : add tim
2022-09-21 19:58:11,359 [INFO] IPUIPlugin:79 - create IPUIPlugin
2022-09-21 19:58:11,359 [INFO] PluginManager:217 - loadIPPluginJar : add dma3
2022-09-21 19:58:11,373 [INFO] IPUIPlugin:79 - create IPUIPlugin
2022-09-21 19:58:11,374 [INFO] PluginManager:217 - loadIPPluginJar : add gpio
2022-09-21 19:58:11,378 [INFO] IPUIPlugin:79 - create IPUIPlugin
2022-09-21 19:58:11,378 [INFO] PluginManager:217 - loadIPPluginJar : add ltdc
2022-09-21 19:58:11,395 [INFO] IPUIPlugin:79 - create IPUIPlugin
2022-09-21 19:58:11,396 [INFO] PluginManager:217 - loadIPPluginJar : add gtzc
2022-09-21 19:58:11,402 [INFO] IPUIPlugin:79 - create IPUIPlugin
2022-09-21 19:58:11,404 [INFO] PluginManager:217 - loadIPPluginJar : add i2c
2022-09-21 19:58:11,411 [INFO] IPUIPlugin:79 - create IPUIPlugin
2022-09-21 19:58:11,411 [INFO] PluginManager:217 - loadIPPluginJar : add dfsdm
2022-09-21 19:58:11,417 [INFO] IPUIPlugin:79 - create IPUIPlugin
2022-09-21 19:58:11,418 [INFO] PluginManager:217 - loadIPPluginJar : add gfxmmu
2022-09-21 19:58:11,424 [INFO] IPUIPlugin:79 - create IPUIPlugin
2022-09-21 19:58:11,425 [INFO] PluginManager:217 - loadIPPluginJar : add hash
2022-09-21 19:58:11,468 [INFO] IPUIPlugin:79 - create IPUIPlugin
2022-09-21 19:58:11,470 [INFO] PluginManager:217 - loadIPPluginJar : add freertos
2022-09-21 19:58:11,474 [INFO] IPUIPlugin:79 - create IPUIPlugin
2022-09-21 19:58:11,474 [INFO] PluginManager:217 - loadIPPluginJar : add ts
2022-09-21 19:58:11,480 [INFO] IPUIPlugin:79 - create IPUIPlugin
2022-09-21 19:58:11,480 [INFO] PluginManager:217 - loadIPPluginJar : add aes
2022-09-21 19:58:11,487 [INFO] IPUIPlugin:79 - create IPUIPlugin
2022-09-21 19:58:11,488 [INFO] PluginManager:217 - loadIPPluginJar : add openamp
2022-09-21 19:58:11,500 [INFO] IPUIPlugin:79 - create IPUIPlugin
2022-09-21 19:58:11,501 [INFO] PluginManager:217 - loadIPPluginJar : add adc
2022-09-21 19:58:11,505 [INFO] IPUIPlugin:79 - create IPUIPlugin
2022-09-21 19:58:11,506 [INFO] PluginManager:217 - loadIPPluginJar : add tracer_emb
2022-09-21 19:58:11,534 [INFO] IPUIPlugin:79 - create IPUIPlugin
2022-09-21 19:58:11,535 [INFO] PluginManager:217 - loadIPPluginJar : add gic
2022-09-21 19:58:11,545 [INFO] IPUIPlugin:79 - create IPUIPlugin
2022-09-21 19:58:11,546 [INFO] PluginManager:217 - loadIPPluginJar : add opamp
2022-09-21 19:58:11,555 [INFO] IPUIPlugin:79 - create IPUIPlugin
2022-09-21 19:58:11,555 [INFO] PluginManager:217 - loadIPPluginJar : add sai
2022-09-21 19:58:11,592 [INFO] IPUIPlugin:79 - create IPUIPlugin
2022-09-21 19:58:11,593 [INFO] PluginManager:217 - loadIPPluginJar : add mdma
2022-09-21 19:58:11,599 [INFO] IPUIPlugin:79 - create IPUIPlugin
2022-09-21 19:58:11,600 [INFO] PluginManager:217 - loadIPPluginJar : add spi
2022-09-21 19:58:11,621 [INFO] IPUIPlugin:79 - create IPUIPlugin
2022-09-21 19:58:11,622 [INFO] PluginManager:217 - loadIPPluginJar : add resmgrutility
2022-09-21 19:58:11,630 [INFO] IPUIPlugin:79 - create IPUIPlugin
2022-09-21 19:58:11,631 [INFO] PluginManager:217 - loadIPPluginJar : add usbx
2022-09-21 19:58:11,662 [INFO] IPUIPlugin:79 - create IPUIPlugin
2022-09-21 19:58:11,670 [INFO] PluginManager:217 - loadIPPluginJar : add plateformsettings
2022-09-21 19:58:11,678 [INFO] IPUIPlugin:79 - create IPUIPlugin
2022-09-21 19:58:11,679 [INFO] PluginManager:217 - loadIPPluginJar : add can
2022-09-21 19:58:11,696 [INFO] IPUIPlugin:79 - create IPUIPlugin
2022-09-21 19:58:11,696 [INFO] PluginManager:217 - loadIPPluginJar : add linkedlist
2022-09-21 19:58:11,702 [INFO] IPUIPlugin:79 - create IPUIPlugin
2022-09-21 19:58:11,703 [INFO] PluginManager:217 - loadIPPluginJar : add lorawan
2022-09-21 19:58:11,708 [INFO] IPUIPlugin:79 - create IPUIPlugin
2022-09-21 19:58:11,709 [INFO] PluginManager:217 - loadIPPluginJar : add i2s
2022-09-21 19:58:11,714 [INFO] IPUIPlugin:79 - create IPUIPlugin
2022-09-21 19:58:11,715 [INFO] PluginManager:217 - loadIPPluginJar : add tsc
2022-09-21 19:58:11,726 [INFO] IPUIPlugin:79 - create IPUIPlugin
2022-09-21 19:58:11,727 [INFO] PluginManager:217 - loadIPPluginJar : add fmc
2022-09-21 19:58:12,116 [INFO] ThirdPartyUpdaterWithRetryManager:70 - Updater plugin not ready yet. [2/15]
2022-09-21 19:58:12,772 [FATAL] Updater:301 - Updater called before beeing initialized
2022-09-21 19:58:13,095 [FATAL] Updater:301 - Updater called before beeing initialized
2022-09-21 19:58:13,128 [INFO] DbMcusAds:52 - JSON generation date=Thu Sep 30 09:55:09 MSK 2021 (1632984909265)
2022-09-21 19:58:13,129 [FATAL] Updater:301 - Updater called before beeing initialized
2022-09-21 19:58:13,430 [WARN] DetailPanel:344 - Failed to get advertising image, set to default
2022-09-21 19:58:13,831 [FATAL] Updater:301 - Updater called before beeing initialized
2022-09-21 19:58:13,848 [FATAL] Updater:301 - Updater called before beeing initialized
2022-09-21 19:58:13,849 [FATAL] Updater:301 - Updater called before beeing initialized
2022-09-21 19:58:13,849 [WARN] DetailPanel:344 - Failed to get advertising image, set to default
2022-09-21 19:58:13,854 [FATAL] Updater:301 - Updater called before beeing initialized
2022-09-21 19:58:14,019 [ERROR] Updater:1105 - MainUpdater not yet initialized. External WinMGr cannot be set.
2022-09-21 19:58:14,026 [INFO] Updater:1041 - Updater Version found : 6.6.1
2022-09-21 19:58:14,105 [INFO] ApplicationProperties:181 - Using Application install path: /opt/st/stm32cubeide_1.10.1/plugins/com.st.stm32cube.common.mx_6.6.1.202207061420
2022-09-21 19:58:14,530 [INFO] MainUpdater:2768 - connection check result : 10
2022-09-21 19:58:14,531 [INFO] MainUpdater:3453 - Updater definition file requires update
2022-09-21 19:58:14,535 [INFO] MainUpdater:280 - Updater Check For Update Now.
2022-09-21 19:58:14,537 [INFO] MicroXplorer:481 - Change Database Version : DB.6.0.60
2022-09-21 19:58:14,625 [INFO] ServerAccessManage:474 - Download File updaters.zip
2022-09-21 19:58:14,859 [INFO] FileExtend:239 - Unzip File : updaters.zip
2022-09-21 19:58:14,860 [INFO] FileExtend:254 - Standard Zip Deflate
2022-09-21 19:58:15,130 [WARN] MainUpdater:1184 - Updater busy. Cannot search thirdparties
2022-09-21 19:58:15,131 [INFO] ThirdPartyUpdaterWithRetryManager:96 - Updater plugin is busy. [1/15]
2022-09-21 19:58:15,250 [INFO] ServerAccessManage:474 - Download File PacksControlFlags.xml
2022-09-21 19:58:15,378 [INFO] ServerAccessManage:474 - Download File cubemx.pidx
2022-09-21 19:58:15,677 [INFO] LoadServerUpdatesThread:367 - End of LoadServerUpdate Thread
2022-09-21 19:58:15,972 [INFO] CheckServerUpdateThread:119 - End of CheckServer Thread
2022-09-21 19:58:16,049 [INFO] MainUpdater:2768 - connection check result : 10
2022-09-21 19:58:16,790 [INFO] McuFinderGlobals:57 - Set McuFinderConnectedMode to true
2022-09-21 19:58:16,858 [INFO] MultiScanPanel:195 - Auto-refresh data requested => check proxy status ongoing
2022-09-21 19:58:16,868 [INFO] FinderPluginLoader:92 - Searching for filters in installed packs
2022-09-21 19:58:17,093 [INFO] ApiDb:576 - Connected to CubeFinder SQLite database (/home/ivan/.stmcufinder/plugins/mcufinder/mcu/cube-finder-db.db)
2022-09-21 19:58:17,375 [INFO] ApiDb:663 - CubeFinder database Data Model version=2.1
2022-09-21 19:58:17,376 [INFO] ApiDb:664 - CubeFinder database Configuration version=3.0.32
2022-09-21 19:58:17,376 [INFO] ApiDb:665 - CubeFinder database generation date=2022-08-05 (1659688109)
2022-09-21 19:58:17,377 [INFO] ApiDb:666 - CubeFinder database FW Pack versions=[STM32Cube_FW_C0_V1.0.0, STM32Cube_FW_F4_V1.27.1, STM32Cube_FW_F7_V1.17.0, STM32Cube_FW_G0_V1.6.1, STM32Cube_FW_G4_V1.5.0, STM32Cube_FW_H7_V1.10.0, STM32Cube_FW_L5_V1.4.0, STM32Cube_FW_U5_V1.1.1, STM32Cube_FW_WB_V1.14.1, STM32Cube_FW_WL_V1.2.0, X-CUBE-ALGOBUILD_V1.3.0, X-CUBE-ALS_V1.0.1, X-CUBE-AZRTOS-F4_V1.1.0, X-CUBE-AZRTOS-F7_V1.1.0, X-CUBE-AZRTOS-G0_V1.1.0, X-CUBE-AZRTOS-G4_V1.0.0, X-CUBE-AZRTOS-H7_V2.1.0, X-CUBE-AZRTOS-L4_V1.0.0, X-CUBE-AZRTOS-L5_V1.0.0, X-CUBE-AZRTOS-WL_V1.0.0, X-CUBE-BLE1_V6.2.3, X-CUBE-BLE2_V3.3.0, X-CUBE-EEPRMA1_V3.1.1, X-CUBE-GNSS1_V6.0.0, X-CUBE-MEMS1_V9.1.0, X-CUBE-MEMS1_V9.3.0, X-CUBE-NFC4_V2.0.4, X-CUBE-NFC7_V1.0.0, X-CUBE-SFXS2LP1_V4.0.0, X-CUBE-SUBG2_V5.0.0]
2022-09-21 19:58:18,714 [WARN] PackLoader:242 - Cannot read IP mode file for STMicroelectronics.X-CUBE-GNSS1.6.0.0
2022-09-21 19:58:18,864 [WARN] PackLoader:242 - Cannot read IP mode file for STMicroelectronics.X-CUBE-AZRTOS-F4.1.1.0
2022-09-21 19:58:18,964 [WARN] PackLoader:242 - Cannot read IP mode file for STMicroelectronics.X-CUBE-AZRTOS-F7.1.1.0
2022-09-21 19:58:19,012 [WARN] PackLoader:242 - Cannot read IP mode file for STMicroelectronics.X-CUBE-BLE1.6.2.3
2022-09-21 19:58:19,046 [WARN] PackLoader:242 - Cannot read IP mode file for STMicroelectronics.X-CUBE-NFC4.2.0.4
2022-09-21 19:58:19,109 [WARN] PackLoader:242 - Cannot read IP mode file for STMicroelectronics.X-CUBE-TOF1.3.1.0
2022-09-21 19:58:19,165 [WARN] PackLoader:242 - Cannot read IP mode file for wolfSSL.I-CUBE-wolfSSL.5.5.0
2022-09-21 19:58:19,182 [WARN] PackLoader:242 - Cannot read IP mode file for STMicroelectronics.X-CUBE-NFC7.1.0.0
2022-09-21 19:58:19,404 [WARN] PackLoader:242 - Cannot read IP mode file for STMicroelectronics.X-CUBE-MEMS1.9.3.0
2022-09-21 19:58:19,958 [WARN] PackLoader:242 - Cannot read IP mode file for STMicroelectronics.X-CUBE-AI.7.2.0
2022-09-21 19:58:19,988 [WARN] PackLoader:242 - Cannot read IP mode file for STMicroelectronics.X-CUBE-SFXS2LP1.4.0.0
2022-09-21 19:58:20,006 [WARN] PackLoader:242 - Cannot read IP mode file for STMicroelectronics.X-CUBE-BLE2.3.3.0
2022-09-21 19:58:20,036 [WARN] PackLoader:242 - Cannot read IP mode file for STMicroelectronics.X-CUBE-DISPLAY.2.2.0
2022-09-21 19:58:20,071 [WARN] PackLoader:242 - Cannot read IP mode file for STMicroelectronics.X-CUBE-ISPU.1.0.0
2022-09-21 19:58:20,095 [WARN] PackLoader:242 - Cannot read IP mode file for RoweBots.I-CUBE-UNISONRTOS.5.5.0-4
2022-09-21 19:58:20,191 [WARN] PackLoader:242 - Cannot read IP mode file for STMicroelectronics.X-CUBE-AZRTOS-H7.2.1.0
2022-09-21 19:58:20,237 [WARN] PackLoader:242 - Cannot read IP mode file for STMicroelectronics.X-CUBE-BLEMGR.1.0.0
2022-09-21 19:58:20,274 [WARN] PackLoader:242 - Cannot read IP mode file for STMicroelectronics.X-CUBE-ALGOBUILD.1.3.0
2022-09-21 19:58:20,339 [WARN] PackLoader:242 - Cannot read IP mode file for STMicroelectronics.X-CUBE-AZRTOS-G0.1.1.0
2022-09-21 19:58:20,392 [WARN] PackLoader:242 - Cannot read IP mode file for STMicroelectronics.X-CUBE-SUBG2.5.0.0
2022-09-21 19:58:20,596 [WARN] PackLoader:242 - Cannot read IP mode file for SEGGER.I-CUBE-embOS.1.2.0
2022-09-21 19:58:20,774 [WARN] PackLoader:242 - Cannot read IP mode file for STMicroelectronics.FP-ATR-ASTRA1.1.1.1
2022-09-21 19:58:20,824 [WARN] PackLoader:242 - Cannot read IP mode file for STMicroelectronics.X-CUBE-AZRTOS-G4.1.0.0
2022-09-21 19:58:20,887 [WARN] PackLoader:242 - Cannot read IP mode file for STMicroelectronics.X-CUBE-AZRTOS-L4.1.0.0
2022-09-21 19:58:20,914 [WARN] PackLoader:242 - Cannot read IP mode file for emotas.I-CUBE-CANOPEN.1.1.2
2022-09-21 19:58:20,922 [WARN] PackLoader:242 - Cannot read IP mode file for STMicroelectronics.X-CUBE-TOUCHGFX.4.20.0
2022-09-21 19:58:20,948 [WARN] PackLoader:242 - Cannot read IP mode file for STMicroelectronics.X-CUBE-AZRTOS-WL.1.0.0
2022-09-21 19:58:20,976 [WARN] PackLoader:242 - Cannot read IP mode file for portGmbH.I-Cube-SoM-uGOAL.1.1.0
2022-09-21 19:58:21,000 [WARN] PackLoader:242 - Cannot read IP mode file for STMicroelectronics.X-CUBE-ALS.1.0.1
2022-09-21 19:58:21,069 [WARN] PackLoader:242 - Cannot read IP mode file for STMicroelectronics.X-CUBE-AZRTOS-L5.1.0.0
2022-09-21 19:58:21,092 [WARN] PackLoader:242 - Cannot read IP mode file for STMicroelectronics.X-CUBE-EEPRMA1.3.1.1
2022-09-21 19:58:21,098 [INFO] ThirdParty:929 - Integrity check success = true
2022-09-21 19:58:21,098 [INFO] IntegrityCheckThread:98 - exiting critical section [integrity check]
2022-09-21 19:58:21,098 [INFO] IntegrityCheckThread:101 - End integrity checks thread
2022-09-21 19:58:24,199 [INFO] ApiDb:239 - Found 138 in-development CPN: [B-WB1M-WPAN1, NUCLEO-C031C6, STEVAL-STWINBX1, STM320518-EVAL, STM32C0116-DK, STM32C011D6Y3TR, STM32C011D6Y6TR, STM32C011F4P3, STM32C011F4P6, STM32C011F4U3, STM32C011F4U6TR, STM32C011F6P3, STM32C011F6P6, STM32C011F6U3, STM32C011F6U6TR, STM32C011J4M3, STM32C011J4M6, STM32C011J6M3, STM32C011J6M6, STM32C0316-DK, STM32C031C4T3, STM32C031C4T6, STM32C031C4U3, STM32C031C4U6, STM32C031C6T3, STM32C031C6T6, STM32C031C6U3, STM32C031C6U6, STM32C031F4P3, STM32C031F4P6, STM32C031F6P3, STM32C031F6P6, STM32C031G4U3, STM32C031G4U6, STM32C031G6U3, STM32C031G6U6, STM32C031K4T3, STM32C031K4T6, STM32C031K4U3, STM32C031K4U6, STM32C031K6T3, STM32C031K6T6, STM32C031K6U3, STM32C031K6U6, STM32G071K8TXN, STM32G071K8UXN, STM32G081GBU6N, STM32G081KBT6N, STM32G081KBUXN, STM32G0B1CCT6N, STM32G0B1KCT6, STM32G0B1NEY6TR, STM32G0B1RCT6N, STM32G0C1CCT6, STM32G0C1CCT6N, STM32G0C1CCU6N, STM32G0C1CET6N, STM32G0C1CEU6N, STM32G0C1KCT6, STM32G0C1NEY6TR, STM32G0C1RCI6N, STM32G0C1RCT6N, STM32G0C1REI6N, STM32G0C1RET6N, STM32G0C1VCI6, STM32G0C1VEI6, STM32G471CCT6, STM32G471CCU6, STM32G471CET3, STM32G471CET6, STM32G471CEU3, STM32G471CEU6, STM32G471MCT6, STM32G471MET3, STM32G471MET6, STM32G471MEY6TR, STM32G471QCT6, STM32G471QET3, STM32G471RCT6, STM32G471RET3, STM32G471RET6, STM32G471VCH6, STM32G471VCI6, STM32G471VCT6, STM32G471VEH3, STM32G471VEH6, STM32G471VEI3, STM32G471VEI6, STM32G471VET3, STM32G471VET6, STM32G474CCT6, STM32L476VGY6PTR, STM32L4R5QGI6STR, STM32MP131AAE3, STM32MP131AAF3, STM32MP131AAG3, STM32MP131CAE3, STM32MP131CAF3, STM32MP131CAG3, STM32MP131DAE7, STM32MP131DAF7, STM32MP131DAG7, STM32MP131FAE7, STM32MP131FAF7, STM32MP131FAG7, STM32MP133AAE3, STM32MP133AAF3, STM32MP133AAG3, STM32MP133CAE3, STM32MP133CAF3, STM32MP133CAG3, STM32MP133DAE7, STM32MP133DAF7, STM32MP133DAG7, STM32MP133FAE7, STM32MP133FAF7, STM32MP133FAG7, STM32MP135AAE3, STM32MP135AAF3, STM32MP135AAG3, STM32MP135CAE3, STM32MP135CAF3, STM32MP135CAG3, STM32MP135DAE7, STM32MP135DAF7, STM32MP135DAG7, STM32MP135F-DK, STM32MP135FAE7, STM32MP135FAF7, STM32MP135FAG7, STM32U595ZJT6Q, STM32U599BJY6QTR, STM32U599NIH6Q, STM32U599NJH6Q, STM32U5A5ZJT6Q, STM32U5A9BJY6QTR, STM32U5A9NJH6Q, STM32WB1MMCH6]
2022-09-21 19:58:24,209 [INFO] DbMcus:215 - Found 3542 MCUs, 3542 are supported
2022-09-21 19:58:24,236 [INFO] ApiDb:418 - Load user favorites file /home/ivan/.stm32cubeide/favorites.mcus.txt: 0 item(s)
2022-09-21 19:58:24,236 [INFO] ApiDb:422 - User favorites MCUs=[]
2022-09-21 19:58:24,237 [INFO] DbMcus:221 - Set 0 / 0 favorites MCUs
2022-09-21 19:58:28,522 [INFO] LoadUrlFilesThread:177 - End of LoadServerUrlFiles without Thread
2022-09-21 19:58:28,760 [INFO] DetailPanel:339 - Set advertising image to /home/ivan/STM32Cube/Repository//en.Prom_NBSTM32U50921.jpg
2022-09-21 19:58:31,581 [INFO] MultiScanPanel:778 - Auto Refresh Data is not needed
2022-09-21 19:58:31,607 [INFO] ApiDb:663 - CubeFinder database Data Model version=2.1
2022-09-21 19:58:31,607 [INFO] ApiDb:664 - CubeFinder database Configuration version=3.0.32
2022-09-21 19:58:31,608 [INFO] ApiDb:665 - CubeFinder database generation date=2022-08-05 (1659688109)
2022-09-21 19:58:31,608 [INFO] ApiDb:666 - CubeFinder database FW Pack versions=[STM32Cube_FW_C0_V1.0.0, STM32Cube_FW_F4_V1.27.1, STM32Cube_FW_F7_V1.17.0, STM32Cube_FW_G0_V1.6.1, STM32Cube_FW_G4_V1.5.0, STM32Cube_FW_H7_V1.10.0, STM32Cube_FW_L5_V1.4.0, STM32Cube_FW_U5_V1.1.1, STM32Cube_FW_WB_V1.14.1, STM32Cube_FW_WL_V1.2.0, X-CUBE-ALGOBUILD_V1.3.0, X-CUBE-ALS_V1.0.1, X-CUBE-AZRTOS-F4_V1.1.0, X-CUBE-AZRTOS-F7_V1.1.0, X-CUBE-AZRTOS-G0_V1.1.0, X-CUBE-AZRTOS-G4_V1.0.0, X-CUBE-AZRTOS-H7_V2.1.0, X-CUBE-AZRTOS-L4_V1.0.0, X-CUBE-AZRTOS-L5_V1.0.0, X-CUBE-AZRTOS-WL_V1.0.0, X-CUBE-BLE1_V6.2.3, X-CUBE-BLE2_V3.3.0, X-CUBE-EEPRMA1_V3.1.1, X-CUBE-GNSS1_V6.0.0, X-CUBE-MEMS1_V9.1.0, X-CUBE-MEMS1_V9.3.0, X-CUBE-NFC4_V2.0.4, X-CUBE-NFC7_V1.0.0, X-CUBE-SFXS2LP1_V4.0.0, X-CUBE-SUBG2_V5.0.0]
2022-09-21 19:58:31,928 [INFO] DbBoardsSqlite:227 - include board P-NUCLEO-WB55-NUCLEO as a kit item of type 'Nucleo-64'
2022-09-21 19:58:31,929 [INFO] DbBoardsSqlite:227 - include board P-NUCLEO-WB55-USBDONGLE as a kit item of type 'Nucleo USB Dongle'
2022-09-21 19:58:31,939 [INFO] DbBoardsSqlite:227 - include board STEVAL-IDP005V1 as a kit item of type 'Evaluation Board'
2022-09-21 19:58:31,940 [INFO] DbBoardsSqlite:227 - include board STEVAL-IDP005V2 as a kit item of type 'Evaluation Board'
2022-09-21 19:58:32,004 [INFO] ApiDb:239 - Found 138 in-development CPN: [B-WB1M-WPAN1, NUCLEO-C031C6, STEVAL-STWINBX1, STM320518-EVAL, STM32C0116-DK, STM32C011D6Y3TR, STM32C011D6Y6TR, STM32C011F4P3, STM32C011F4P6, STM32C011F4U3, STM32C011F4U6TR, STM32C011F6P3, STM32C011F6P6, STM32C011F6U3, STM32C011F6U6TR, STM32C011J4M3, STM32C011J4M6, STM32C011J6M3, STM32C011J6M6, STM32C0316-DK, STM32C031C4T3, STM32C031C4T6, STM32C031C4U3, STM32C031C4U6, STM32C031C6T3, STM32C031C6T6, STM32C031C6U3, STM32C031C6U6, STM32C031F4P3, STM32C031F4P6, STM32C031F6P3, STM32C031F6P6, STM32C031G4U3, STM32C031G4U6, STM32C031G6U3, STM32C031G6U6, STM32C031K4T3, STM32C031K4T6, STM32C031K4U3, STM32C031K4U6, STM32C031K6T3, STM32C031K6T6, STM32C031K6U3, STM32C031K6U6, STM32G071K8TXN, STM32G071K8UXN, STM32G081GBU6N, STM32G081KBT6N, STM32G081KBUXN, STM32G0B1CCT6N, STM32G0B1KCT6, STM32G0B1NEY6TR, STM32G0B1RCT6N, STM32G0C1CCT6, STM32G0C1CCT6N, STM32G0C1CCU6N, STM32G0C1CET6N, STM32G0C1CEU6N, STM32G0C1KCT6, STM32G0C1NEY6TR, STM32G0C1RCI6N, STM32G0C1RCT6N, STM32G0C1REI6N, STM32G0C1RET6N, STM32G0C1VCI6, STM32G0C1VEI6, STM32G471CCT6, STM32G471CCU6, STM32G471CET3, STM32G471CET6, STM32G471CEU3, STM32G471CEU6, STM32G471MCT6, STM32G471MET3, STM32G471MET6, STM32G471MEY6TR, STM32G471QCT6, STM32G471QET3, STM32G471RCT6, STM32G471RET3, STM32G471RET6, STM32G471VCH6, STM32G471VCI6, STM32G471VCT6, STM32G471VEH3, STM32G471VEH6, STM32G471VEI3, STM32G471VEI6, STM32G471VET3, STM32G471VET6, STM32G474CCT6, STM32L476VGY6PTR, STM32L4R5QGI6STR, STM32MP131AAE3, STM32MP131AAF3, STM32MP131AAG3, STM32MP131CAE3, STM32MP131CAF3, STM32MP131CAG3, STM32MP131DAE7, STM32MP131DAF7, STM32MP131DAG7, STM32MP131FAE7, STM32MP131FAF7, STM32MP131FAG7, STM32MP133AAE3, STM32MP133AAF3, STM32MP133AAG3, STM32MP133CAE3, STM32MP133CAF3, STM32MP133CAG3, STM32MP133DAE7, STM32MP133DAF7, STM32MP133DAG7, STM32MP133FAE7, STM32MP133FAF7, STM32MP133FAG7, STM32MP135AAE3, STM32MP135AAF3, STM32MP135AAG3, STM32MP135CAE3, STM32MP135CAF3, STM32MP135CAG3, STM32MP135DAE7, STM32MP135DAF7, STM32MP135DAG7, STM32MP135F-DK, STM32MP135FAE7, STM32MP135FAF7, STM32MP135FAG7, STM32U595ZJT6Q, STM32U599BJY6QTR, STM32U599NIH6Q, STM32U599NJH6Q, STM32U5A5ZJT6Q, STM32U5A9BJY6QTR, STM32U5A9NJH6Q, STM32WB1MMCH6]
2022-09-21 19:58:32,244 [INFO] BoardInfo:879 - No configuration file found for board P-NUCLEO-WB55
2022-09-21 19:58:32,245 [INFO] DbBoards:156 - Kit is not supported: P-NUCLEO-WB55
2022-09-21 19:58:32,256 [INFO] BoardInfo:879 - No configuration file found for board STEVAL-BFA001V1B
2022-09-21 19:58:32,256 [INFO] DbBoards:156 - Kit is not supported: STEVAL-BFA001V1B
2022-09-21 19:58:32,259 [INFO] BoardInfo:879 - No configuration file found for board STEVAL-BFA001V2B
2022-09-21 19:58:32,260 [INFO] DbBoards:156 - Kit is not supported: STEVAL-BFA001V2B
2022-09-21 19:58:32,506 [INFO] DbBoards:160 - Found 176 boards, 173 are supported
2022-09-21 19:58:32,522 [INFO] ApiDb:409 - User favorites file not found: /home/ivan/.stm32cubeide/favorites.boards.txt
2022-09-21 19:58:32,523 [INFO] DbBoards:189 - Set 0 / 0 favorites Boards
2022-09-21 19:58:35,307 [INFO] MultiScanPanel:195 - Auto-refresh data requested => check proxy status ongoing
2022-09-21 19:58:35,703 [INFO] LoadUrlFilesThread:177 - End of LoadServerUrlFiles without Thread
2022-09-21 19:58:35,704 [INFO] DetailPanel:339 - Set advertising image to /home/ivan/STM32Cube/Repository//en.Prom_NBSTM32U50921.jpg
2022-09-21 19:58:35,734 [INFO] DbBoards:628 - Loading board mini-images...
2022-09-21 19:58:36,427 [ERROR] DbBoards:648 - No image file defined for board B-WB1M-WPAN1
2022-09-21 19:58:36,428 [ERROR] DbBoards:648 - No image file defined for board NUCLEO-C031C6
2022-09-21 19:58:39,630 [ERROR] DbBoards:648 - No image file defined for board STEVAL-STWINBX1
2022-09-21 19:58:39,814 [ERROR] DbBoards:648 - No image file defined for board STM32091C-EVAL
2022-09-21 19:58:39,815 [ERROR] DbBoards:648 - No image file defined for board STM32100E-EVAL
2022-09-21 19:58:39,815 [ERROR] DbBoards:648 - No image file defined for board STM3210C-EVAL
2022-09-21 19:58:39,854 [ERROR] DbBoards:648 - No image file defined for board STM3221G-EVAL
2022-09-21 19:58:39,855 [ERROR] DbBoards:648 - No image file defined for board STM32303C-EVAL
2022-09-21 19:58:40,069 [ERROR] DbBoards:648 - No image file defined for board STM32479I-EVAL
2022-09-21 19:58:40,069 [ERROR] DbBoards:648 - No image file defined for board STM32746G-EVAL2
2022-09-21 19:58:40,100 [ERROR] DbBoards:648 - No image file defined for board STM32C0116-DK
2022-09-21 19:58:40,100 [ERROR] DbBoards:648 - No image file defined for board STM32C0316-DK
2022-09-21 19:58:40,191 [ERROR] DbBoards:648 - No image file defined for board STM32F401C-DISCO
2022-09-21 19:58:40,378 [ERROR] DbBoards:648 - No image file defined for board STM32F7308-DK
2022-09-21 19:58:40,485 [ERROR] DbBoards:648 - No image file defined for board STM32F779I-EVAL
2022-09-21 19:58:40,931 [ERROR] DbBoards:648 - No image file defined for board STM32H747I-EVAL
2022-09-21 19:58:41,065 [ERROR] DbBoards:648 - No image file defined for board STM32L-DISCOVERY
2022-09-21 19:58:41,158 [ERROR] DbBoards:648 - No image file defined for board STM32L152D-EVAL
2022-09-21 19:58:41,512 [ERROR] DbBoards:648 - No image file defined for board STM32MP135F-DK
2022-09-21 19:58:42,017 [INFO] DbBoards:651 - Loaded 157 board mini-images
2022-09-21 19:58:42,374 [INFO] MultiScanPanel:778 - Auto Refresh Data is not needed
2022-09-21 19:58:42,399 [INFO] MultiScanPanel:195 - Auto-refresh data requested => check proxy status ongoing
2022-09-21 19:58:42,409 [INFO] ApiDb:663 - CubeFinder database Data Model version=2.1
2022-09-21 19:58:42,409 [INFO] ApiDb:664 - CubeFinder database Configuration version=3.0.32
2022-09-21 19:58:42,410 [INFO] ApiDb:665 - CubeFinder database generation date=2022-08-05 (1659688109)
2022-09-21 19:58:42,410 [INFO] ApiDb:666 - CubeFinder database FW Pack versions=[STM32Cube_FW_C0_V1.0.0, STM32Cube_FW_F4_V1.27.1, STM32Cube_FW_F7_V1.17.0, STM32Cube_FW_G0_V1.6.1, STM32Cube_FW_G4_V1.5.0, STM32Cube_FW_H7_V1.10.0, STM32Cube_FW_L5_V1.4.0, STM32Cube_FW_U5_V1.1.1, STM32Cube_FW_WB_V1.14.1, STM32Cube_FW_WL_V1.2.0, X-CUBE-ALGOBUILD_V1.3.0, X-CUBE-ALS_V1.0.1, X-CUBE-AZRTOS-F4_V1.1.0, X-CUBE-AZRTOS-F7_V1.1.0, X-CUBE-AZRTOS-G0_V1.1.0, X-CUBE-AZRTOS-G4_V1.0.0, X-CUBE-AZRTOS-H7_V2.1.0, X-CUBE-AZRTOS-L4_V1.0.0, X-CUBE-AZRTOS-L5_V1.0.0, X-CUBE-AZRTOS-WL_V1.0.0, X-CUBE-BLE1_V6.2.3, X-CUBE-BLE2_V3.3.0, X-CUBE-EEPRMA1_V3.1.1, X-CUBE-GNSS1_V6.0.0, X-CUBE-MEMS1_V9.1.0, X-CUBE-MEMS1_V9.3.0, X-CUBE-NFC4_V2.0.4, X-CUBE-NFC7_V1.0.0, X-CUBE-SFXS2LP1_V4.0.0, X-CUBE-SUBG2_V5.0.0]
2022-09-21 19:58:44,510 [INFO] DbExamplesSqlite:374 - Ignored 31 examples not supported by CubeIDE
2022-09-21 19:58:44,511 [INFO] DbExamplesSqlite:375 - Found 6197 examples active
2022-09-21 19:58:44,512 [INFO] DbExamplesSqlite:376 - Found 89 examples obsolete
2022-09-21 19:58:44,513 [INFO] DbExamplesSqlite:377 - Found 0 examples under development
2022-09-21 19:58:44,514 [INFO] DbExamplesSqlite:378 - Found 76 examples not building
2022-09-21 19:58:44,518 [INFO] DbExamples:124 - Found 6242 examples
2022-09-21 19:58:44,549 [INFO] DbExamples:221 - Found 77 boards with related examples
2022-09-21 19:58:44,552 [INFO] DbExamples:234 - Found 64 MCUs with related examples
2022-09-21 19:58:44,614 [INFO] ApiDb:409 - User favorites file not found: /home/ivan/.stm32cubeide/favorites.examples.txt
2022-09-21 19:58:44,615 [INFO] DbExamples:249 - Set 0 / 0 favorites Examples
2022-09-21 19:58:46,762 [INFO] SoftwarePacks:126 - Download is needed for SW pack 'STM32Cube_FW_C0_V1.0.0'
2022-09-21 19:58:46,766 [INFO] SoftwarePacks:130 - Found SW pack 'STM32Cube_FW_F4_V1.27.1' up-to-date on disk.
2022-09-21 19:58:46,770 [INFO] SoftwarePacks:126 - Download is needed for SW pack 'STM32Cube_FW_F7_V1.17.0'
2022-09-21 19:58:46,773 [INFO] SoftwarePacks:126 - Download is needed for SW pack 'STM32Cube_FW_G0_V1.6.1'
2022-09-21 19:58:46,776 [INFO] SoftwarePacks:126 - Download is needed for SW pack 'STM32Cube_FW_G4_V1.5.0'
2022-09-21 19:58:46,780 [INFO] SoftwarePacks:126 - Download is needed for SW pack 'STM32Cube_FW_H7_V1.10.0'
2022-09-21 19:58:46,784 [INFO] SoftwarePacks:126 - Download is needed for SW pack 'STM32Cube_FW_L5_V1.4.0'
2022-09-21 19:58:46,787 [INFO] SoftwarePacks:126 - Download is needed for SW pack 'STM32Cube_FW_U5_V1.1.1'
2022-09-21 19:58:46,790 [INFO] SoftwarePacks:126 - Download is needed for SW pack 'STM32Cube_FW_WB_V1.14.1'
2022-09-21 19:58:46,794 [INFO] SoftwarePacks:126 - Download is needed for SW pack 'STM32Cube_FW_WL_V1.2.0'
2022-09-21 19:58:46,795 [INFO] SoftwarePacks:126 - Download is needed for SW pack 'X-CUBE-ALGOBUILD_V1.3.0'
2022-09-21 19:58:46,796 [INFO] SoftwarePacks:126 - Download is needed for SW pack 'X-CUBE-ALS_V1.0.1'
2022-09-21 19:58:46,797 [INFO] SoftwarePacks:126 - Download is needed for SW pack 'X-CUBE-AZRTOS-F4_V1.1.0'
2022-09-21 19:58:46,797 [INFO] SoftwarePacks:126 - Download is needed for SW pack 'X-CUBE-AZRTOS-F7_V1.1.0'
2022-09-21 19:58:46,798 [INFO] SoftwarePacks:126 - Download is needed for SW pack 'X-CUBE-AZRTOS-G0_V1.1.0'
2022-09-21 19:58:46,798 [INFO] SoftwarePacks:126 - Download is needed for SW pack 'X-CUBE-AZRTOS-G4_V1.0.0'
2022-09-21 19:58:46,798 [INFO] SoftwarePacks:126 - Download is needed for SW pack 'X-CUBE-AZRTOS-H7_V2.1.0'
2022-09-21 19:58:46,799 [INFO] SoftwarePacks:126 - Download is needed for SW pack 'X-CUBE-AZRTOS-L4_V1.0.0'
2022-09-21 19:58:46,799 [INFO] SoftwarePacks:126 - Download is needed for SW pack 'X-CUBE-AZRTOS-L5_V1.0.0'
2022-09-21 19:58:46,799 [INFO] SoftwarePacks:126 - Download is needed for SW pack 'X-CUBE-AZRTOS-WL_V1.0.0'
2022-09-21 19:58:46,799 [INFO] SoftwarePacks:126 - Download is needed for SW pack 'X-CUBE-BLE1_V6.2.3'
2022-09-21 19:58:46,800 [INFO] SoftwarePacks:126 - Download is needed for SW pack 'X-CUBE-BLE2_V3.3.0'
2022-09-21 19:58:46,800 [INFO] SoftwarePacks:126 - Download is needed for SW pack 'X-CUBE-EEPRMA1_V3.1.1'
2022-09-21 19:58:46,800 [INFO] SoftwarePacks:126 - Download is needed for SW pack 'X-CUBE-GNSS1_V6.0.0'
2022-09-21 19:58:46,800 [INFO] SoftwarePacks:126 - Download is needed for SW pack 'X-CUBE-MEMS1_V9.3.0'
2022-09-21 19:58:46,801 [INFO] SoftwarePacks:126 - Download is needed for SW pack 'X-CUBE-NFC4_V2.0.4'
2022-09-21 19:58:46,801 [INFO] SoftwarePacks:126 - Download is needed for SW pack 'X-CUBE-NFC7_V1.0.0'
2022-09-21 19:58:46,801 [INFO] SoftwarePacks:126 - Download is needed for SW pack 'X-CUBE-SFXS2LP1_V4.0.0'
2022-09-21 19:58:46,801 [INFO] SoftwarePacks:126 - Download is needed for SW pack 'X-CUBE-SUBG2_V5.0.0'
2022-09-21 19:58:55,308 [INFO] LoadUrlFilesThread:177 - End of LoadServerUrlFiles without Thread
2022-09-21 19:58:55,309 [INFO] DetailPanel:339 - Set advertising image to /home/ivan/STM32Cube/Repository//en.Prom_NBSTM32U50921.jpg
2022-09-21 19:59:00,578 [INFO] MultiScanPanel:778 - Auto Refresh Data is not needed
2022-09-21 19:59:16,220 [INFO] McuFinderGlobals:57 - Set McuFinderConnectedMode to true
2022-09-21 19:59:16,815 [INFO] ApiDb:443 - Save user favorites file /home/ivan/.stm32cubeide/favorites.mcus.txt: 0 item(s)
2022-09-21 19:59:16,815 [INFO] ApiDb:447 - User favorites MCUs=[]
2022-09-21 19:59:16,817 [INFO] ApiDb:443 - Save user favorites file /home/ivan/.stm32cubeide/favorites.boards.txt: 0 item(s)
2022-09-21 19:59:16,818 [INFO] ApiDb:447 - User favorites Boards=[]
2022-09-21 19:59:16,821 [INFO] ApiDb:443 - Save user favorites file /home/ivan/.stm32cubeide/favorites.examples.txt: 0 item(s)
2022-09-21 19:59:16,822 [INFO] ApiDb:447 - User favorites Examples=[]
2022-09-21 20:02:46,148 [INFO] MainUpdater:2768 - connection check result : 10
2022-09-21 20:02:46,594 [INFO] McuFinderGlobals:57 - Set McuFinderConnectedMode to true
2022-09-21 20:02:46,596 [INFO] MultiScanPanel:195 - Auto-refresh data requested => check proxy status ongoing
2022-09-21 20:02:46,597 [INFO] FinderPluginLoader:92 - Searching for filters in installed packs
2022-09-21 20:02:49,421 [INFO] LoadUrlFilesThread:177 - End of LoadServerUrlFiles without Thread
2022-09-21 20:02:49,421 [INFO] DetailPanel:339 - Set advertising image to /home/ivan/STM32Cube/Repository//en.Prom_NBSTM32U50921.jpg
2022-09-21 20:02:51,089 [INFO] MultiScanPanel:778 - Auto Refresh Data is not needed
2022-09-21 20:04:27,416 [INFO] Activator:177 - 


2022-09-21 20:04:27,419 [INFO] Activator:178 - !SESSION log4j initialized
2022-09-21 20:04:40,069 [ERROR] LogOutputStream:74 - [STDERR_REDIRECT] сент. 21, 2022 8:04:39 PM org.glassfish.grizzly.http.server.NetworkListener start
2022-09-21 20:04:40,076 [ERROR] LogOutputStream:74 - [STDERR_REDIRECT] INFO: Started listener bound to [localhost:1597]
2022-09-21 20:04:40,076 [ERROR] LogOutputStream:74 - [STDERR_REDIRECT] 
2022-09-21 20:04:40,079 [ERROR] LogOutputStream:74 - [STDERR_REDIRECT] сент. 21, 2022 8:04:40 PM org.glassfish.grizzly.http.server.HttpServer start
2022-09-21 20:04:40,080 [ERROR] LogOutputStream:74 - [STDERR_REDIRECT] INFO: [HttpServer] Started.
2022-09-21 20:04:40,080 [ERROR] LogOutputStream:74 - [STDERR_REDIRECT] 
2022-09-21 20:05:58,862 [ERROR] LogOutputStream:74 - [STDERR_REDIRECT] 
2022-09-21 20:07:26,991 [ERROR] LogOutputStream:74 - [STDERR_REDIRECT] Exception in thread "AWT-EventQueue-0" org.eclipse.swt.SWTException: Device is disposed
2022-09-21 20:07:26,991 [ERROR] LogOutputStream:74 - [STDERR_REDIRECT] 	at org.eclipse.swt.SWT.error(SWT.java:4918)
2022-09-21 20:07:26,992 [ERROR] LogOutputStream:74 - [STDERR_REDIRECT] 	at org.eclipse.swt.SWT.error(SWT.java:4833)
2022-09-21 20:07:26,993 [ERROR] LogOutputStream:74 - [STDERR_REDIRECT] 	at org.eclipse.swt.SWT.error(SWT.java:4804)
2022-09-21 20:07:26,994 [ERROR] LogOutputStream:74 - [STDERR_REDIRECT] 	at org.eclipse.swt.widgets.Display.error(Display.java:1518)
2022-09-21 20:07:26,994 [ERROR] LogOutputStream:74 - [STDERR_REDIRECT] 	at org.eclipse.swt.widgets.Display.asyncExec(Display.java:930)
2022-09-21 20:07:26,994 [ERROR] LogOutputStream:74 - [STDERR_REDIRECT] 	at com.st.stm32cube.common.mx.oss.core.awtswtbridge.AwtEnvironment$2.run(AwtEnvironment.java:168)
2022-09-21 20:07:26,995 [ERROR] LogOutputStream:74 - [STDERR_REDIRECT] 	at java.desktop/java.awt.event.InvocationEvent.dispatch(InvocationEvent.java:313)
2022-09-21 20:07:26,995 [ERROR] LogOutputStream:74 - [STDERR_REDIRECT] 	at java.desktop/java.awt.EventQueue.dispatchEventImpl(EventQueue.java:770)
2022-09-21 20:07:26,995 [ERROR] LogOutputStream:74 - [STDERR_REDIRECT] 	at java.desktop/java.awt.EventQueue$4.run(EventQueue.java:721)
2022-09-21 20:07:26,995 [ERROR] LogOutputStream:74 - [STDERR_REDIRECT] 	at java.desktop/java.awt.EventQueue$4.run(EventQueue.java:715)
2022-09-21 20:07:26,996 [ERROR] LogOutputStream:74 - [STDERR_REDIRECT] 	at java.base/java.security.AccessController.doPrivileged(Native Method)
2022-09-21 20:07:26,996 [ERROR] LogOutputStream:74 - [STDERR_REDIRECT] 	at java.base/java.security.ProtectionDomain$JavaSecurityAccessImpl.doIntersectionPrivilege(ProtectionDomain.java:85)
2022-09-21 20:07:26,996 [ERROR] LogOutputStream:74 - [STDERR_REDIRECT] 	at java.desktop/java.awt.EventQueue.dispatchEvent(EventQueue.java:740)
2022-09-21 20:07:26,997 [ERROR] LogOutputStream:74 - [STDERR_REDIRECT] 	at java.desktop/java.awt.EventDispatchThread.pumpOneEventForFilters(EventDispatchThread.java:203)
2022-09-21 20:07:26,998 [ERROR] LogOutputStream:74 - [STDERR_REDIRECT] 	at java.desktop/java.awt.EventDispatchThread.pumpEventsForFilter(EventDispatchThread.java:124)
2022-09-21 20:07:27,000 [ERROR] LogOutputStream:74 - [STDERR_REDIRECT] 	at java.desktop/java.awt.EventDispatchThread.pumpEventsForHierarchy(EventDispatchThread.java:113)
2022-09-21 20:07:27,001 [ERROR] LogOutputStream:74 - [STDERR_REDIRECT] 	at java.desktop/java.awt.EventDispatchThread.pumpEvents(EventDispatchThread.java:109)
2022-09-21 20:07:27,001 [ERROR] LogOutputStream:74 - [STDERR_REDIRECT] 	at java.desktop/java.awt.EventDispatchThread.pumpEvents(EventDispatchThread.java:101)
2022-09-21 20:07:27,001 [ERROR] LogOutputStream:74 - [STDERR_REDIRECT] 	at java.desktop/java.awt.EventDispatchThread.run(EventDispatchThread.java:90)
2022-09-21 20:07:28,127 [ERROR] LogOutputStream:74 - [STDERR_REDIRECT] 
